<?xml version="1.0" encoding="UTF-8"?>
<TestRun id="9e66b748-d669-489e-be2f-04e0bd4f7b5b" name="Amorim@MATRIX 2009-01-14 23:11:53" runUser="MATRIX\Amorim" xmlns="http://microsoft.com/schemas/VisualStudio/TeamTest/2006">
  <TestRunConfiguration name="Local Test Run" id="4397c35c-ee65-48a5-a4f6-c7715260277b">
    <Description>This is a default test run configuration for a local test run.</Description>
    <Deployment runDeploymentRoot="D:\Projetos\Lab\Tdd.Encontro2\TestResults\Amorim_MATRIX 2009-01-14 23_11_53">
      <DeploymentItem filename="D:\Projetos\Lab\Tdd.Encontro2\Tdd.Encontro2\bin\Debug\Tdd.Encontro2.dll" />
    </Deployment>
    <TestTypeSpecific />
  </TestRunConfiguration>
  <ResultSummary outcome="Completed">
    <Counters total="23" executed="23" passed="23" error="0" failed="0" timeout="0" aborted="0" inconclusive="0" passedButRunAborted="0" notRunnable="0" notExecuted="0" disconnected="0" warning="0" completed="0" inProgress="0" pending="0" />
  </ResultSummary>
  <Times creation="2009-01-14T23:11:53.5312500-02:00" queuing="2009-01-14T23:11:53.7968750-02:00" start="2009-01-14T23:11:53.8281250-02:00" finish="2009-01-14T23:11:54.0312500-02:00" />
  <TestDefinitions>
    <UnitTest name="Validar_Hora_Informando_Hora_E_Minuto" storage="d:\projetos\lab\tdd.encontro2\tdd.encontro2.test\bin\debug\tdd.encontro2.test.dll" id="87c0138e-ebd4-b448-5196-062a03183403">
      <Css projectStructure="" iteration="" />
      <Owners>
        <Owner name="" />
      </Owners>
      <DeploymentItems>
        <DeploymentItem filename="Tdd.Encontro2.dll" />
      </DeploymentItems>
      <Execution id="de4d1c39-5c4c-4d14-b005-7d616c58ed84" />
      <TestMethod codeBase="D:\Projetos\Lab\Tdd.Encontro2\Tdd.Encontro2.Test\bin\Debug\Tdd.Encontro2.Test.dll" adapterTypeName="Microsoft.VisualStudio.TestTools.TestTypes.Unit.UnitTestAdapter, Microsoft.VisualStudio.QualityTools.Tips.UnitTest.Adapter, Version=9.0.0.0, Culture=neutral, PublicKeyToken=b03f5f7f11d50a3a" className="Tdd.Encontro2.Test.HoraTest, Tdd.Encontro2.Test" name="Validar_Hora_Informando_Hora_E_Minuto" />
    </UnitTest>
    <UnitTest name="Soma_Horas_Com_Segundo_Valor_Negativo_E_Maior_Que_O_Primeiro" storage="d:\projetos\lab\tdd.encontro2\tdd.encontro2.test\bin\debug\tdd.encontro2.test.dll" id="9a01e4b1-e9e7-9517-2dd4-e16f611c53f7">
      <Css projectStructure="" iteration="" />
      <Owners>
        <Owner name="" />
      </Owners>
      <Execution id="f7e023ee-99f7-47b3-8eef-ce5f84418171" />
      <TestMethod codeBase="D:\Projetos\Lab\Tdd.Encontro2\Tdd.Encontro2.Test\bin\Debug\Tdd.Encontro2.Test.dll" adapterTypeName="Microsoft.VisualStudio.TestTools.TestTypes.Unit.UnitTestAdapter, Microsoft.VisualStudio.QualityTools.Tips.UnitTest.Adapter, Version=9.0.0.0, Culture=neutral, PublicKeyToken=b03f5f7f11d50a3a" className="Tdd.Encontro2.Test.HoraTest, Tdd.Encontro2.Test" name="Soma_Horas_Com_Segundo_Valor_Negativo_E_Maior_Que_O_Primeiro" />
    </UnitTest>
    <UnitTest name="Criacao_Hora_Formato_Invalido_Excecao_Esperada" storage="d:\projetos\lab\tdd.encontro2\tdd.encontro2.test\bin\debug\tdd.encontro2.test.dll" id="12de2bcf-b47b-6b6d-fdd8-caf3c9e12274">
      <Css projectStructure="" iteration="" />
      <Owners>
        <Owner name="" />
      </Owners>
      <Execution id="29b81292-c874-4da1-a417-264b486392b8" />
      <TestMethod codeBase="D:\Projetos\Lab\Tdd.Encontro2\Tdd.Encontro2.Test\bin\Debug\Tdd.Encontro2.Test.dll" adapterTypeName="Microsoft.VisualStudio.TestTools.TestTypes.Unit.UnitTestAdapter, Microsoft.VisualStudio.QualityTools.Tips.UnitTest.Adapter, Version=9.0.0.0, Culture=neutral, PublicKeyToken=b03f5f7f11d50a3a" className="Tdd.Encontro2.Test.HoraTest, Tdd.Encontro2.Test" name="Criacao_Hora_Formato_Invalido_Excecao_Esperada" />
    </UnitTest>
    <UnitTest name="Criacao_Hora_Com_Um_Digito" storage="d:\projetos\lab\tdd.encontro2\tdd.encontro2.test\bin\debug\tdd.encontro2.test.dll" id="ff226b66-6b25-b1d8-c073-9db9e29a7aad">
      <Css projectStructure="" iteration="" />
      <Owners>
        <Owner name="" />
      </Owners>
      <Execution id="a6e9b5b5-c5ab-4e85-af63-d7506ea109f5" />
      <TestMethod codeBase="D:\Projetos\Lab\Tdd.Encontro2\Tdd.Encontro2.Test\bin\Debug\Tdd.Encontro2.Test.dll" adapterTypeName="Microsoft.VisualStudio.TestTools.TestTypes.Unit.UnitTestAdapter, Microsoft.VisualStudio.QualityTools.Tips.UnitTest.Adapter, Version=9.0.0.0, Culture=neutral, PublicKeyToken=b03f5f7f11d50a3a" className="Tdd.Encontro2.Test.HoraTest, Tdd.Encontro2.Test" name="Criacao_Hora_Com_Um_Digito" />
    </UnitTest>
    <UnitTest name="Criacao_Hora_Com_Minutos_Invalidos" storage="d:\projetos\lab\tdd.encontro2\tdd.encontro2.test\bin\debug\tdd.encontro2.test.dll" id="1d59d709-b619-1f7e-ec50-a5b4600a3218">
      <Css projectStructure="" iteration="" />
      <Owners>
        <Owner name="" />
      </Owners>
      <Execution id="c4406672-8c41-46a8-a318-96a390fc6bda" />
      <TestMethod codeBase="D:\Projetos\Lab\Tdd.Encontro2\Tdd.Encontro2.Test\bin\Debug\Tdd.Encontro2.Test.dll" adapterTypeName="Microsoft.VisualStudio.TestTools.TestTypes.Unit.UnitTestAdapter, Microsoft.VisualStudio.QualityTools.Tips.UnitTest.Adapter, Version=9.0.0.0, Culture=neutral, PublicKeyToken=b03f5f7f11d50a3a" className="Tdd.Encontro2.Test.HoraTest, Tdd.Encontro2.Test" name="Criacao_Hora_Com_Minutos_Invalidos" />
    </UnitTest>
    <UnitTest name="Validar_Hora_Accessor_Com_Mais_De_Dois_Digitos" storage="d:\projetos\lab\tdd.encontro2\tdd.encontro2.test\bin\debug\tdd.encontro2.test.dll" id="9396bbbe-284c-4b64-5dea-4e7ac9a8e11b">
      <Css projectStructure="" iteration="" />
      <Owners>
        <Owner name="" />
      </Owners>
      <DeploymentItems>
        <DeploymentItem filename="Tdd.Encontro2.dll" />
      </DeploymentItems>
      <Execution id="de9690fe-5e47-4f25-a435-c3525c7e86d4" />
      <TestMethod codeBase="D:\Projetos\Lab\Tdd.Encontro2\Tdd.Encontro2.Test\bin\Debug\Tdd.Encontro2.Test.dll" adapterTypeName="Microsoft.VisualStudio.TestTools.TestTypes.Unit.UnitTestAdapter, Microsoft.VisualStudio.QualityTools.Tips.UnitTest.Adapter, Version=9.0.0.0, Culture=neutral, PublicKeyToken=b03f5f7f11d50a3a" className="Tdd.Encontro2.Test.HoraTest, Tdd.Encontro2.Test" name="Validar_Hora_Accessor_Com_Mais_De_Dois_Digitos" />
    </UnitTest>
    <UnitTest name="Criacao_Hora_Com_Mais_De_Dois_Digitos" storage="d:\projetos\lab\tdd.encontro2\tdd.encontro2.test\bin\debug\tdd.encontro2.test.dll" id="2c96285b-997b-6029-1f3d-8ac944f7a963">
      <Css projectStructure="" iteration="" />
      <Owners>
        <Owner name="" />
      </Owners>
      <Execution id="7cf8dc2b-e744-4ec5-803d-30ef188f5414" />
      <TestMethod codeBase="D:\Projetos\Lab\Tdd.Encontro2\Tdd.Encontro2.Test\bin\Debug\Tdd.Encontro2.Test.dll" adapterTypeName="Microsoft.VisualStudio.TestTools.TestTypes.Unit.UnitTestAdapter, Microsoft.VisualStudio.QualityTools.Tips.UnitTest.Adapter, Version=9.0.0.0, Culture=neutral, PublicKeyToken=b03f5f7f11d50a3a" className="Tdd.Encontro2.Test.HoraTest, Tdd.Encontro2.Test" name="Criacao_Hora_Com_Mais_De_Dois_Digitos" />
    </UnitTest>
    <UnitTest name="Criacao_Hora_Formato_Invalido" storage="d:\projetos\lab\tdd.encontro2\tdd.encontro2.test\bin\debug\tdd.encontro2.test.dll" id="db8384d3-e4cd-4dfd-44bc-0ea4243bf001">
      <Css projectStructure="" iteration="" />
      <Owners>
        <Owner name="" />
      </Owners>
      <Execution id="22da842c-2c8a-4a35-97c8-163f78d74621" />
      <TestMethod codeBase="D:\Projetos\Lab\Tdd.Encontro2\Tdd.Encontro2.Test\bin\Debug\Tdd.Encontro2.Test.dll" adapterTypeName="Microsoft.VisualStudio.TestTools.TestTypes.Unit.UnitTestAdapter, Microsoft.VisualStudio.QualityTools.Tips.UnitTest.Adapter, Version=9.0.0.0, Culture=neutral, PublicKeyToken=b03f5f7f11d50a3a" className="Tdd.Encontro2.Test.HoraTest, Tdd.Encontro2.Test" name="Criacao_Hora_Formato_Invalido" />
    </UnitTest>
    <UnitTest name="Soma_Horas_Com_Minutos_Acima_De_59_Minutos" storage="d:\projetos\lab\tdd.encontro2\tdd.encontro2.test\bin\debug\tdd.encontro2.test.dll" id="0a591512-9faf-3076-fdd8-955ee8ae9da1">
      <Css projectStructure="" iteration="" />
      <Owners>
        <Owner name="" />
      </Owners>
      <Execution id="293b6879-f938-4b0d-a726-080ac011e446" />
      <TestMethod codeBase="D:\Projetos\Lab\Tdd.Encontro2\Tdd.Encontro2.Test\bin\Debug\Tdd.Encontro2.Test.dll" adapterTypeName="Microsoft.VisualStudio.TestTools.TestTypes.Unit.UnitTestAdapter, Microsoft.VisualStudio.QualityTools.Tips.UnitTest.Adapter, Version=9.0.0.0, Culture=neutral, PublicKeyToken=b03f5f7f11d50a3a" className="Tdd.Encontro2.Test.HoraTest, Tdd.Encontro2.Test" name="Soma_Horas_Com_Minutos_Acima_De_59_Minutos" />
    </UnitTest>
    <UnitTest name="Criacao_Hora_Negativa" storage="d:\projetos\lab\tdd.encontro2\tdd.encontro2.test\bin\debug\tdd.encontro2.test.dll" id="27aa5d33-fb3f-6650-e7d7-cf288bec1dcd">
      <Css projectStructure="" iteration="" />
      <Owners>
        <Owner name="" />
      </Owners>
      <Execution id="0d6fe770-3ff3-4885-a809-55492a695a6b" />
      <TestMethod codeBase="D:\Projetos\Lab\Tdd.Encontro2\Tdd.Encontro2.Test\bin\Debug\Tdd.Encontro2.Test.dll" adapterTypeName="Microsoft.VisualStudio.TestTools.TestTypes.Unit.UnitTestAdapter, Microsoft.VisualStudio.QualityTools.Tips.UnitTest.Adapter, Version=9.0.0.0, Culture=neutral, PublicKeyToken=b03f5f7f11d50a3a" className="Tdd.Encontro2.Test.HoraTest, Tdd.Encontro2.Test" name="Criacao_Hora_Negativa" />
    </UnitTest>
    <UnitTest name="Criacao_Hora_Nao_Informando_Hora_E_Minuto" storage="d:\projetos\lab\tdd.encontro2\tdd.encontro2.test\bin\debug\tdd.encontro2.test.dll" id="30570865-d9ac-d3ef-c31c-49fbdb9a0b40">
      <Css projectStructure="" iteration="" />
      <Owners>
        <Owner name="" />
      </Owners>
      <Execution id="04274615-c59c-4075-96be-2d4bd93a36f9" />
      <TestMethod codeBase="D:\Projetos\Lab\Tdd.Encontro2\Tdd.Encontro2.Test\bin\Debug\Tdd.Encontro2.Test.dll" adapterTypeName="Microsoft.VisualStudio.TestTools.TestTypes.Unit.UnitTestAdapter, Microsoft.VisualStudio.QualityTools.Tips.UnitTest.Adapter, Version=9.0.0.0, Culture=neutral, PublicKeyToken=b03f5f7f11d50a3a" className="Tdd.Encontro2.Test.HoraTest, Tdd.Encontro2.Test" name="Criacao_Hora_Nao_Informando_Hora_E_Minuto" />
    </UnitTest>
    <UnitTest name="Soma_Horas_Com_Mais_De_Um_Digito" storage="d:\projetos\lab\tdd.encontro2\tdd.encontro2.test\bin\debug\tdd.encontro2.test.dll" id="fda06644-92e0-e3aa-75e1-24a912586eab">
      <Css projectStructure="" iteration="" />
      <Owners>
        <Owner name="" />
      </Owners>
      <Execution id="cabd01e9-6c5a-4874-9f6f-24d6b179058f" />
      <TestMethod codeBase="D:\Projetos\Lab\Tdd.Encontro2\Tdd.Encontro2.Test\bin\Debug\Tdd.Encontro2.Test.dll" adapterTypeName="Microsoft.VisualStudio.TestTools.TestTypes.Unit.UnitTestAdapter, Microsoft.VisualStudio.QualityTools.Tips.UnitTest.Adapter, Version=9.0.0.0, Culture=neutral, PublicKeyToken=b03f5f7f11d50a3a" className="Tdd.Encontro2.Test.HoraTest, Tdd.Encontro2.Test" name="Soma_Horas_Com_Mais_De_Um_Digito" />
    </UnitTest>
    <UnitTest name="Criacao_Hora_Informando_Hora_E_Minuto" storage="d:\projetos\lab\tdd.encontro2\tdd.encontro2.test\bin\debug\tdd.encontro2.test.dll" id="f871ce0e-b3a2-d9c0-06d8-ef4f9a8effe6">
      <Css projectStructure="" iteration="" />
      <Owners>
        <Owner name="" />
      </Owners>
      <Execution id="0d934e1b-5545-4f08-846e-1ff31b2221bb" />
      <TestMethod codeBase="D:\Projetos\Lab\Tdd.Encontro2\Tdd.Encontro2.Test\bin\Debug\Tdd.Encontro2.Test.dll" adapterTypeName="Microsoft.VisualStudio.TestTools.TestTypes.Unit.UnitTestAdapter, Microsoft.VisualStudio.QualityTools.Tips.UnitTest.Adapter, Version=9.0.0.0, Culture=neutral, PublicKeyToken=b03f5f7f11d50a3a" className="Tdd.Encontro2.Test.HoraTest, Tdd.Encontro2.Test" name="Criacao_Hora_Informando_Hora_E_Minuto" />
    </UnitTest>
    <UnitTest name="Soma_Horas_Com_Um_Digito" storage="d:\projetos\lab\tdd.encontro2\tdd.encontro2.test\bin\debug\tdd.encontro2.test.dll" id="bd4f39b4-ea7f-7aa9-697c-91efd4a47f9f">
      <Css projectStructure="" iteration="" />
      <Owners>
        <Owner name="" />
      </Owners>
      <Execution id="9cf9b966-1e3f-4dd3-8b41-7d196c092801" />
      <TestMethod codeBase="D:\Projetos\Lab\Tdd.Encontro2\Tdd.Encontro2.Test\bin\Debug\Tdd.Encontro2.Test.dll" adapterTypeName="Microsoft.VisualStudio.TestTools.TestTypes.Unit.UnitTestAdapter, Microsoft.VisualStudio.QualityTools.Tips.UnitTest.Adapter, Version=9.0.0.0, Culture=neutral, PublicKeyToken=b03f5f7f11d50a3a" className="Tdd.Encontro2.Test.HoraTest, Tdd.Encontro2.Test" name="Soma_Horas_Com_Um_Digito" />
    </UnitTest>
    <UnitTest name="Validar_Hora_Accessor_Formato_Invalido" storage="d:\projetos\lab\tdd.encontro2\tdd.encontro2.test\bin\debug\tdd.encontro2.test.dll" id="966015ea-9492-ce91-5e00-6d0130c7c4c2">
      <Css projectStructure="" iteration="" />
      <Owners>
        <Owner name="" />
      </Owners>
      <DeploymentItems>
        <DeploymentItem filename="Tdd.Encontro2.dll" />
      </DeploymentItems>
      <Execution id="70daa1cc-e3ef-4e43-99e3-8b1519c65fdf" />
      <TestMethod codeBase="D:\Projetos\Lab\Tdd.Encontro2\Tdd.Encontro2.Test\bin\Debug\Tdd.Encontro2.Test.dll" adapterTypeName="Microsoft.VisualStudio.TestTools.TestTypes.Unit.UnitTestAdapter, Microsoft.VisualStudio.QualityTools.Tips.UnitTest.Adapter, Version=9.0.0.0, Culture=neutral, PublicKeyToken=b03f5f7f11d50a3a" className="Tdd.Encontro2.Test.HoraTest, Tdd.Encontro2.Test" name="Validar_Hora_Accessor_Formato_Invalido" />
    </UnitTest>
    <UnitTest name="Soma_Horas_Com_Valor_Negativo" storage="d:\projetos\lab\tdd.encontro2\tdd.encontro2.test\bin\debug\tdd.encontro2.test.dll" id="17b69b6e-5323-c278-64a5-e4f671fdcdd0">
      <Css projectStructure="" iteration="" />
      <Owners>
        <Owner name="" />
      </Owners>
      <Execution id="35a97313-9b4b-430a-83aa-bead3be3cf82" />
      <TestMethod codeBase="D:\Projetos\Lab\Tdd.Encontro2\Tdd.Encontro2.Test\bin\Debug\Tdd.Encontro2.Test.dll" adapterTypeName="Microsoft.VisualStudio.TestTools.TestTypes.Unit.UnitTestAdapter, Microsoft.VisualStudio.QualityTools.Tips.UnitTest.Adapter, Version=9.0.0.0, Culture=neutral, PublicKeyToken=b03f5f7f11d50a3a" className="Tdd.Encontro2.Test.HoraTest, Tdd.Encontro2.Test" name="Soma_Horas_Com_Valor_Negativo" />
    </UnitTest>
    <UnitTest name="Validar_Hora_Accessor_Com_Um_Digito" storage="d:\projetos\lab\tdd.encontro2\tdd.encontro2.test\bin\debug\tdd.encontro2.test.dll" id="838b3837-8233-5914-e910-5c34a7784584">
      <Css projectStructure="" iteration="" />
      <Owners>
        <Owner name="" />
      </Owners>
      <DeploymentItems>
        <DeploymentItem filename="Tdd.Encontro2.dll" />
      </DeploymentItems>
      <Execution id="cff557e4-4259-4ab1-b584-99ecf5c772f2" />
      <TestMethod codeBase="D:\Projetos\Lab\Tdd.Encontro2\Tdd.Encontro2.Test\bin\Debug\Tdd.Encontro2.Test.dll" adapterTypeName="Microsoft.VisualStudio.TestTools.TestTypes.Unit.UnitTestAdapter, Microsoft.VisualStudio.QualityTools.Tips.UnitTest.Adapter, Version=9.0.0.0, Culture=neutral, PublicKeyToken=b03f5f7f11d50a3a" className="Tdd.Encontro2.Test.HoraTest, Tdd.Encontro2.Test" name="Validar_Hora_Accessor_Com_Um_Digito" />
    </UnitTest>
    <UnitTest name="Validar_Hora_Accessor_Com_Minutos_Invalidos" storage="d:\projetos\lab\tdd.encontro2\tdd.encontro2.test\bin\debug\tdd.encontro2.test.dll" id="c260142c-a0de-e0dc-5854-cfb9bd0c3188">
      <Css projectStructure="" iteration="" />
      <Owners>
        <Owner name="" />
      </Owners>
      <DeploymentItems>
        <DeploymentItem filename="Tdd.Encontro2.dll" />
      </DeploymentItems>
      <Execution id="ce482a4b-c964-42e8-aaea-100f8206496e" />
      <TestMethod codeBase="D:\Projetos\Lab\Tdd.Encontro2\Tdd.Encontro2.Test\bin\Debug\Tdd.Encontro2.Test.dll" adapterTypeName="Microsoft.VisualStudio.TestTools.TestTypes.Unit.UnitTestAdapter, Microsoft.VisualStudio.QualityTools.Tips.UnitTest.Adapter, Version=9.0.0.0, Culture=neutral, PublicKeyToken=b03f5f7f11d50a3a" className="Tdd.Encontro2.Test.HoraTest, Tdd.Encontro2.Test" name="Validar_Hora_Accessor_Com_Minutos_Invalidos" />
    </UnitTest>
    <UnitTest name="Criacao_Hora_Sem_Digito_De_Horas" storage="d:\projetos\lab\tdd.encontro2\tdd.encontro2.test\bin\debug\tdd.encontro2.test.dll" id="69e0a0f7-dc17-ae9e-dbd0-5d769f1efdd1">
      <Css projectStructure="" iteration="" />
      <Owners>
        <Owner name="" />
      </Owners>
      <Execution id="9619d048-8a32-4203-8a2d-97949373a335" />
      <TestMethod codeBase="D:\Projetos\Lab\Tdd.Encontro2\Tdd.Encontro2.Test\bin\Debug\Tdd.Encontro2.Test.dll" adapterTypeName="Microsoft.VisualStudio.TestTools.TestTypes.Unit.UnitTestAdapter, Microsoft.VisualStudio.QualityTools.Tips.UnitTest.Adapter, Version=9.0.0.0, Culture=neutral, PublicKeyToken=b03f5f7f11d50a3a" className="Tdd.Encontro2.Test.HoraTest, Tdd.Encontro2.Test" name="Criacao_Hora_Sem_Digito_De_Horas" />
    </UnitTest>
    <UnitTest name="Validar_Hora_Accessor_Negativa" storage="d:\projetos\lab\tdd.encontro2\tdd.encontro2.test\bin\debug\tdd.encontro2.test.dll" id="db03e5e4-a59c-6ace-488b-3623e4810e11">
      <Css projectStructure="" iteration="" />
      <Owners>
        <Owner name="" />
      </Owners>
      <DeploymentItems>
        <DeploymentItem filename="Tdd.Encontro2.dll" />
      </DeploymentItems>
      <Execution id="057ad66f-3efb-4ede-886d-1c1b170129b9" />
      <TestMethod codeBase="D:\Projetos\Lab\Tdd.Encontro2\Tdd.Encontro2.Test\bin\Debug\Tdd.Encontro2.Test.dll" adapterTypeName="Microsoft.VisualStudio.TestTools.TestTypes.Unit.UnitTestAdapter, Microsoft.VisualStudio.QualityTools.Tips.UnitTest.Adapter, Version=9.0.0.0, Culture=neutral, PublicKeyToken=b03f5f7f11d50a3a" className="Tdd.Encontro2.Test.HoraTest, Tdd.Encontro2.Test" name="Validar_Hora_Accessor_Negativa" />
    </UnitTest>
    <UnitTest name="Validar_Hora_Accessor_Sem_Digito_De_Hora_Accessors" storage="d:\projetos\lab\tdd.encontro2\tdd.encontro2.test\bin\debug\tdd.encontro2.test.dll" id="29953b7e-4500-8369-72e9-7e1ea948d426">
      <Css projectStructure="" iteration="" />
      <Owners>
        <Owner name="" />
      </Owners>
      <DeploymentItems>
        <DeploymentItem filename="Tdd.Encontro2.dll" />
      </DeploymentItems>
      <Execution id="fe1bdce4-d671-404c-bb06-51264de8f4df" />
      <TestMethod codeBase="D:\Projetos\Lab\Tdd.Encontro2\Tdd.Encontro2.Test\bin\Debug\Tdd.Encontro2.Test.dll" adapterTypeName="Microsoft.VisualStudio.TestTools.TestTypes.Unit.UnitTestAdapter, Microsoft.VisualStudio.QualityTools.Tips.UnitTest.Adapter, Version=9.0.0.0, Culture=neutral, PublicKeyToken=b03f5f7f11d50a3a" className="Tdd.Encontro2.Test.HoraTest, Tdd.Encontro2.Test" name="Validar_Hora_Accessor_Sem_Digito_De_Hora_Accessors" />
    </UnitTest>
    <UnitTest name="Soma_Horas_Formato_Invalido" storage="d:\projetos\lab\tdd.encontro2\tdd.encontro2.test\bin\debug\tdd.encontro2.test.dll" id="7e20360e-9201-8939-e474-d22316638795">
      <Css projectStructure="" iteration="" />
      <Owners>
        <Owner name="" />
      </Owners>
      <Execution id="45e8c948-a269-4ac7-82e5-06137e65f763" />
      <TestMethod codeBase="D:\Projetos\Lab\Tdd.Encontro2\Tdd.Encontro2.Test\bin\Debug\Tdd.Encontro2.Test.dll" adapterTypeName="Microsoft.VisualStudio.TestTools.TestTypes.Unit.UnitTestAdapter, Microsoft.VisualStudio.QualityTools.Tips.UnitTest.Adapter, Version=9.0.0.0, Culture=neutral, PublicKeyToken=b03f5f7f11d50a3a" className="Tdd.Encontro2.Test.HoraTest, Tdd.Encontro2.Test" name="Soma_Horas_Formato_Invalido" />
    </UnitTest>
    <UnitTest name="Soma_Horas_Com_Minutos" storage="d:\projetos\lab\tdd.encontro2\tdd.encontro2.test\bin\debug\tdd.encontro2.test.dll" id="182f76e0-c9fd-770c-3077-437237507f22">
      <Css projectStructure="" iteration="" />
      <Owners>
        <Owner name="" />
      </Owners>
      <Execution id="b9ed9921-e64b-4c86-8961-013c32449edf" />
      <TestMethod codeBase="D:\Projetos\Lab\Tdd.Encontro2\Tdd.Encontro2.Test\bin\Debug\Tdd.Encontro2.Test.dll" adapterTypeName="Microsoft.VisualStudio.TestTools.TestTypes.Unit.UnitTestAdapter, Microsoft.VisualStudio.QualityTools.Tips.UnitTest.Adapter, Version=9.0.0.0, Culture=neutral, PublicKeyToken=b03f5f7f11d50a3a" className="Tdd.Encontro2.Test.HoraTest, Tdd.Encontro2.Test" name="Soma_Horas_Com_Minutos" />
    </UnitTest>
  </TestDefinitions>
  <TestLists>
    <TestList name="All Loaded Results" id="19431567-8539-422a-85d7-44ee4e166bda" />
    <TestList name="Lists of Results" id="8c43106b-9dc1-4907-a29f-aa66a61bf5b6" />
    <TestList name="Hora" id="15840062-34b0-4acd-bd91-deb70e9d47b0" parentListId="8c43106b-9dc1-4907-a29f-aa66a61bf5b6">
      <TestLinks>
        <TestLink id="ff226b66-6b25-b1d8-c073-9db9e29a7aad" name="Criacao_Hora_Com_Um_Digito" storage="d:\projetos\lab\tdd.encontro2\tdd.encontro2.test\bin\debug\tdd.encontro2.test.dll" type="Microsoft.VisualStudio.TestTools.TestTypes.Unit.UnitTestElement, Microsoft.VisualStudio.QualityTools.Tips.UnitTest.ObjectModel,   PublicKeyToken=b03f5f7f11d50a3a" />
        <TestLink id="30570865-d9ac-d3ef-c31c-49fbdb9a0b40" name="Criacao_Hora_Nao_Informando_Hora_E_Minuto" storage="d:\projetos\lab\tdd.encontro2\tdd.encontro2.test\bin\debug\tdd.encontro2.test.dll" type="Microsoft.VisualStudio.TestTools.TestTypes.Unit.UnitTestElement, Microsoft.VisualStudio.QualityTools.Tips.UnitTest.ObjectModel,   PublicKeyToken=b03f5f7f11d50a3a" />
        <TestLink id="12de2bcf-b47b-6b6d-fdd8-caf3c9e12274" name="Criacao_Hora_Formato_Invalido_Excecao_Esperada" storage="d:\projetos\lab\tdd.encontro2\tdd.encontro2.test\bin\debug\tdd.encontro2.test.dll" type="Microsoft.VisualStudio.TestTools.TestTypes.Unit.UnitTestElement, Microsoft.VisualStudio.QualityTools.Tips.UnitTest.ObjectModel,   PublicKeyToken=b03f5f7f11d50a3a" />
        <TestLink id="c260142c-a0de-e0dc-5854-cfb9bd0c3188" name="Validar_Hora_Accessor_Com_Minutos_Invalidos" storage="d:\projetos\lab\tdd.encontro2\tdd.encontro2.test\bin\debug\tdd.encontro2.test.dll" type="Microsoft.VisualStudio.TestTools.TestTypes.Unit.UnitTestElement, Microsoft.VisualStudio.QualityTools.Tips.UnitTest.ObjectModel,   PublicKeyToken=b03f5f7f11d50a3a" />
        <TestLink id="bd4f39b4-ea7f-7aa9-697c-91efd4a47f9f" name="Soma_Horas_Com_Um_Digito" storage="d:\projetos\lab\tdd.encontro2\tdd.encontro2.test\bin\debug\tdd.encontro2.test.dll" type="Microsoft.VisualStudio.TestTools.TestTypes.Unit.UnitTestElement, Microsoft.VisualStudio.QualityTools.Tips.UnitTest.ObjectModel,   PublicKeyToken=b03f5f7f11d50a3a" />
        <TestLink id="27aa5d33-fb3f-6650-e7d7-cf288bec1dcd" name="Criacao_Hora_Negativa" storage="d:\projetos\lab\tdd.encontro2\tdd.encontro2.test\bin\debug\tdd.encontro2.test.dll" type="Microsoft.VisualStudio.TestTools.TestTypes.Unit.UnitTestElement, Microsoft.VisualStudio.QualityTools.Tips.UnitTest.ObjectModel,   PublicKeyToken=b03f5f7f11d50a3a" />
        <TestLink id="838b3837-8233-5914-e910-5c34a7784584" name="Validar_Hora_Accessor_Com_Um_Digito" storage="d:\projetos\lab\tdd.encontro2\tdd.encontro2.test\bin\debug\tdd.encontro2.test.dll" type="Microsoft.VisualStudio.TestTools.TestTypes.Unit.UnitTestElement, Microsoft.VisualStudio.QualityTools.Tips.UnitTest.ObjectModel,   PublicKeyToken=b03f5f7f11d50a3a" />
        <TestLink id="29953b7e-4500-8369-72e9-7e1ea948d426" name="Validar_Hora_Accessor_Sem_Digito_De_Hora_Accessors" storage="d:\projetos\lab\tdd.encontro2\tdd.encontro2.test\bin\debug\tdd.encontro2.test.dll" type="Microsoft.VisualStudio.TestTools.TestTypes.Unit.UnitTestElement, Microsoft.VisualStudio.QualityTools.Tips.UnitTest.ObjectModel,   PublicKeyToken=b03f5f7f11d50a3a" />
        <TestLink id="9a01e4b1-e9e7-9517-2dd4-e16f611c53f7" name="Soma_Horas_Com_Segundo_Valor_Negativo_E_Maior_Que_O_Primeiro" storage="d:\projetos\lab\tdd.encontro2\tdd.encontro2.test\bin\debug\tdd.encontro2.test.dll" type="Microsoft.VisualStudio.TestTools.TestTypes.Unit.UnitTestElement, Microsoft.VisualStudio.QualityTools.Tips.UnitTest.ObjectModel,   PublicKeyToken=b03f5f7f11d50a3a" />
        <TestLink id="182f76e0-c9fd-770c-3077-437237507f22" name="Soma_Horas_Com_Minutos" storage="d:\projetos\lab\tdd.encontro2\tdd.encontro2.test\bin\debug\tdd.encontro2.test.dll" type="Microsoft.VisualStudio.TestTools.TestTypes.Unit.UnitTestElement, Microsoft.VisualStudio.QualityTools.Tips.UnitTest.ObjectModel,   PublicKeyToken=b03f5f7f11d50a3a" />
        <TestLink id="9396bbbe-284c-4b64-5dea-4e7ac9a8e11b" name="Validar_Hora_Accessor_Com_Mais_De_Dois_Digitos" storage="d:\projetos\lab\tdd.encontro2\tdd.encontro2.test\bin\debug\tdd.encontro2.test.dll" type="Microsoft.VisualStudio.TestTools.TestTypes.Unit.UnitTestElement, Microsoft.VisualStudio.QualityTools.Tips.UnitTest.ObjectModel,   PublicKeyToken=b03f5f7f11d50a3a" />
        <TestLink id="fda06644-92e0-e3aa-75e1-24a912586eab" name="Soma_Horas_Com_Mais_De_Um_Digito" storage="d:\projetos\lab\tdd.encontro2\tdd.encontro2.test\bin\debug\tdd.encontro2.test.dll" type="Microsoft.VisualStudio.TestTools.TestTypes.Unit.UnitTestElement, Microsoft.VisualStudio.QualityTools.Tips.UnitTest.ObjectModel,   PublicKeyToken=b03f5f7f11d50a3a" />
        <TestLink id="db03e5e4-a59c-6ace-488b-3623e4810e11" name="Validar_Hora_Accessor_Negativa" storage="d:\projetos\lab\tdd.encontro2\tdd.encontro2.test\bin\debug\tdd.encontro2.test.dll" type="Microsoft.VisualStudio.TestTools.TestTypes.Unit.UnitTestElement, Microsoft.VisualStudio.QualityTools.Tips.UnitTest.ObjectModel,   PublicKeyToken=b03f5f7f11d50a3a" />
        <TestLink id="2c96285b-997b-6029-1f3d-8ac944f7a963" name="Criacao_Hora_Com_Mais_De_Dois_Digitos" storage="d:\projetos\lab\tdd.encontro2\tdd.encontro2.test\bin\debug\tdd.encontro2.test.dll" type="Microsoft.VisualStudio.TestTools.TestTypes.Unit.UnitTestElement, Microsoft.VisualStudio.QualityTools.Tips.UnitTest.ObjectModel,   PublicKeyToken=b03f5f7f11d50a3a" />
        <TestLink id="87c0138e-ebd4-b448-5196-062a03183403" name="Validar_Hora_Informando_Hora_E_Minuto" storage="d:\projetos\lab\tdd.encontro2\tdd.encontro2.test\bin\debug\tdd.encontro2.test.dll" type="Microsoft.VisualStudio.TestTools.TestTypes.Unit.UnitTestElement, Microsoft.VisualStudio.QualityTools.Tips.UnitTest.ObjectModel,   PublicKeyToken=b03f5f7f11d50a3a" />
        <TestLink id="17b69b6e-5323-c278-64a5-e4f671fdcdd0" name="Soma_Horas_Com_Valor_Negativo" storage="d:\projetos\lab\tdd.encontro2\tdd.encontro2.test\bin\debug\tdd.encontro2.test.dll" type="Microsoft.VisualStudio.TestTools.TestTypes.Unit.UnitTestElement, Microsoft.VisualStudio.QualityTools.Tips.UnitTest.ObjectModel,   PublicKeyToken=b03f5f7f11d50a3a" />
        <TestLink id="db8384d3-e4cd-4dfd-44bc-0ea4243bf001" name="Criacao_Hora_Formato_Invalido" storage="d:\projetos\lab\tdd.encontro2\tdd.encontro2.test\bin\debug\tdd.encontro2.test.dll" type="Microsoft.VisualStudio.TestTools.TestTypes.Unit.UnitTestElement, Microsoft.VisualStudio.QualityTools.Tips.UnitTest.ObjectModel,   PublicKeyToken=b03f5f7f11d50a3a" />
        <TestLink id="0a591512-9faf-3076-fdd8-955ee8ae9da1" name="Soma_Horas_Com_Minutos_Acima_De_59_Minutos" storage="d:\projetos\lab\tdd.encontro2\tdd.encontro2.test\bin\debug\tdd.encontro2.test.dll" type="Microsoft.VisualStudio.TestTools.TestTypes.Unit.UnitTestElement, Microsoft.VisualStudio.QualityTools.Tips.UnitTest.ObjectModel,   PublicKeyToken=b03f5f7f11d50a3a" />
        <TestLink id="1d59d709-b619-1f7e-ec50-a5b4600a3218" name="Criacao_Hora_Com_Minutos_Invalidos" storage="d:\projetos\lab\tdd.encontro2\tdd.encontro2.test\bin\debug\tdd.encontro2.test.dll" type="Microsoft.VisualStudio.TestTools.TestTypes.Unit.UnitTestElement, Microsoft.VisualStudio.QualityTools.Tips.UnitTest.ObjectModel,   PublicKeyToken=b03f5f7f11d50a3a" />
        <TestLink id="966015ea-9492-ce91-5e00-6d0130c7c4c2" name="Validar_Hora_Accessor_Formato_Invalido" storage="d:\projetos\lab\tdd.encontro2\tdd.encontro2.test\bin\debug\tdd.encontro2.test.dll" type="Microsoft.VisualStudio.TestTools.TestTypes.Unit.UnitTestElement, Microsoft.VisualStudio.QualityTools.Tips.UnitTest.ObjectModel,   PublicKeyToken=b03f5f7f11d50a3a" />
        <TestLink id="7e20360e-9201-8939-e474-d22316638795" name="Soma_Horas_Formato_Invalido" storage="d:\projetos\lab\tdd.encontro2\tdd.encontro2.test\bin\debug\tdd.encontro2.test.dll" type="Microsoft.VisualStudio.TestTools.TestTypes.Unit.UnitTestElement, Microsoft.VisualStudio.QualityTools.Tips.UnitTest.ObjectModel,   PublicKeyToken=b03f5f7f11d50a3a" />
        <TestLink id="69e0a0f7-dc17-ae9e-dbd0-5d769f1efdd1" name="Criacao_Hora_Sem_Digito_De_Horas" storage="d:\projetos\lab\tdd.encontro2\tdd.encontro2.test\bin\debug\tdd.encontro2.test.dll" type="Microsoft.VisualStudio.TestTools.TestTypes.Unit.UnitTestElement, Microsoft.VisualStudio.QualityTools.Tips.UnitTest.ObjectModel,   PublicKeyToken=b03f5f7f11d50a3a" />
        <TestLink id="f871ce0e-b3a2-d9c0-06d8-ef4f9a8effe6" name="Criacao_Hora_Informando_Hora_E_Minuto" storage="d:\projetos\lab\tdd.encontro2\tdd.encontro2.test\bin\debug\tdd.encontro2.test.dll" type="Microsoft.VisualStudio.TestTools.TestTypes.Unit.UnitTestElement, Microsoft.VisualStudio.QualityTools.Tips.UnitTest.ObjectModel,   PublicKeyToken=b03f5f7f11d50a3a" />
      </TestLinks>
    </TestList>
  </TestLists>
  <TestEntries>
    <TestEntry testId="87c0138e-ebd4-b448-5196-062a03183403" executionId="de4d1c39-5c4c-4d14-b005-7d616c58ed84" testListId="15840062-34b0-4acd-bd91-deb70e9d47b0" />
    <TestEntry testId="12de2bcf-b47b-6b6d-fdd8-caf3c9e12274" executionId="29b81292-c874-4da1-a417-264b486392b8" testListId="15840062-34b0-4acd-bd91-deb70e9d47b0" />
    <TestEntry testId="ff226b66-6b25-b1d8-c073-9db9e29a7aad" executionId="a6e9b5b5-c5ab-4e85-af63-d7506ea109f5" testListId="15840062-34b0-4acd-bd91-deb70e9d47b0" />
    <TestEntry testId="1d59d709-b619-1f7e-ec50-a5b4600a3218" executionId="c4406672-8c41-46a8-a318-96a390fc6bda" testListId="15840062-34b0-4acd-bd91-deb70e9d47b0" />
    <TestEntry testId="2c96285b-997b-6029-1f3d-8ac944f7a963" executionId="7cf8dc2b-e744-4ec5-803d-30ef188f5414" testListId="15840062-34b0-4acd-bd91-deb70e9d47b0" />
    <TestEntry testId="db8384d3-e4cd-4dfd-44bc-0ea4243bf001" executionId="22da842c-2c8a-4a35-97c8-163f78d74621" testListId="15840062-34b0-4acd-bd91-deb70e9d47b0" />
    <TestEntry testId="27aa5d33-fb3f-6650-e7d7-cf288bec1dcd" executionId="0d6fe770-3ff3-4885-a809-55492a695a6b" testListId="15840062-34b0-4acd-bd91-deb70e9d47b0" />
    <TestEntry testId="30570865-d9ac-d3ef-c31c-49fbdb9a0b40" executionId="04274615-c59c-4075-96be-2d4bd93a36f9" testListId="15840062-34b0-4acd-bd91-deb70e9d47b0" />
    <TestEntry testId="fda06644-92e0-e3aa-75e1-24a912586eab" executionId="cabd01e9-6c5a-4874-9f6f-24d6b179058f" testListId="15840062-34b0-4acd-bd91-deb70e9d47b0" />
    <TestEntry testId="9396bbbe-284c-4b64-5dea-4e7ac9a8e11b" executionId="de9690fe-5e47-4f25-a435-c3525c7e86d4" testListId="15840062-34b0-4acd-bd91-deb70e9d47b0" />
    <TestEntry testId="f871ce0e-b3a2-d9c0-06d8-ef4f9a8effe6" executionId="0d934e1b-5545-4f08-846e-1ff31b2221bb" testListId="15840062-34b0-4acd-bd91-deb70e9d47b0" />
    <TestEntry testId="69e0a0f7-dc17-ae9e-dbd0-5d769f1efdd1" executionId="9619d048-8a32-4203-8a2d-97949373a335" testListId="15840062-34b0-4acd-bd91-deb70e9d47b0" />
    <TestEntry testId="17b69b6e-5323-c278-64a5-e4f671fdcdd0" executionId="35a97313-9b4b-430a-83aa-bead3be3cf82" testListId="15840062-34b0-4acd-bd91-deb70e9d47b0" />
    <TestEntry testId="838b3837-8233-5914-e910-5c34a7784584" executionId="cff557e4-4259-4ab1-b584-99ecf5c772f2" testListId="15840062-34b0-4acd-bd91-deb70e9d47b0" />
    <TestEntry testId="7e20360e-9201-8939-e474-d22316638795" executionId="45e8c948-a269-4ac7-82e5-06137e65f763" testListId="15840062-34b0-4acd-bd91-deb70e9d47b0" />
    <TestEntry testId="c260142c-a0de-e0dc-5854-cfb9bd0c3188" executionId="ce482a4b-c964-42e8-aaea-100f8206496e" testListId="15840062-34b0-4acd-bd91-deb70e9d47b0" />
    <TestEntry testId="966015ea-9492-ce91-5e00-6d0130c7c4c2" executionId="70daa1cc-e3ef-4e43-99e3-8b1519c65fdf" testListId="15840062-34b0-4acd-bd91-deb70e9d47b0" />
    <TestEntry testId="db03e5e4-a59c-6ace-488b-3623e4810e11" executionId="057ad66f-3efb-4ede-886d-1c1b170129b9" testListId="15840062-34b0-4acd-bd91-deb70e9d47b0" />
    <TestEntry testId="29953b7e-4500-8369-72e9-7e1ea948d426" executionId="fe1bdce4-d671-404c-bb06-51264de8f4df" testListId="15840062-34b0-4acd-bd91-deb70e9d47b0" />
    <TestEntry testId="bd4f39b4-ea7f-7aa9-697c-91efd4a47f9f" executionId="9cf9b966-1e3f-4dd3-8b41-7d196c092801" testListId="15840062-34b0-4acd-bd91-deb70e9d47b0" />
    <TestEntry testId="182f76e0-c9fd-770c-3077-437237507f22" executionId="b9ed9921-e64b-4c86-8961-013c32449edf" testListId="15840062-34b0-4acd-bd91-deb70e9d47b0" />
    <TestEntry testId="0a591512-9faf-3076-fdd8-955ee8ae9da1" executionId="293b6879-f938-4b0d-a726-080ac011e446" testListId="15840062-34b0-4acd-bd91-deb70e9d47b0" />
    <TestEntry testId="9a01e4b1-e9e7-9517-2dd4-e16f611c53f7" executionId="f7e023ee-99f7-47b3-8eef-ce5f84418171" testListId="15840062-34b0-4acd-bd91-deb70e9d47b0" />
  </TestEntries>
  <Results>
    <UnitTestResult executionId="de4d1c39-5c4c-4d14-b005-7d616c58ed84" testId="87c0138e-ebd4-b448-5196-062a03183403" testName="Validar_Hora_Informando_Hora_E_Minuto" computerName="MATRIX" duration="00:00:00.0405579" startTime="2009-01-14T23:11:53.8281250-02:00" endTime="2009-01-14T23:11:53.9375000-02:00" testType="13cdc9d9-ddb5-4fa4-a97d-d965ccfc6d4b" outcome="Passed" testListId="15840062-34b0-4acd-bd91-deb70e9d47b0">
      <Output>
      </Output>
    </UnitTestResult>
    <UnitTestResult executionId="29b81292-c874-4da1-a417-264b486392b8" testId="12de2bcf-b47b-6b6d-fdd8-caf3c9e12274" testName="Criacao_Hora_Formato_Invalido_Excecao_Esperada" computerName="MATRIX" duration="00:00:00.0006520" startTime="2009-01-14T23:11:53.9375000-02:00" endTime="2009-01-14T23:11:53.9531250-02:00" testType="13cdc9d9-ddb5-4fa4-a97d-d965ccfc6d4b" outcome="Passed" testListId="15840062-34b0-4acd-bd91-deb70e9d47b0">
      <Output>
      </Output>
    </UnitTestResult>
    <UnitTestResult executionId="a6e9b5b5-c5ab-4e85-af63-d7506ea109f5" testId="ff226b66-6b25-b1d8-c073-9db9e29a7aad" testName="Criacao_Hora_Com_Um_Digito" computerName="MATRIX" duration="00:00:00.0003933" startTime="2009-01-14T23:11:53.9531250-02:00" endTime="2009-01-14T23:11:53.9531250-02:00" testType="13cdc9d9-ddb5-4fa4-a97d-d965ccfc6d4b" outcome="Passed" testListId="15840062-34b0-4acd-bd91-deb70e9d47b0">
      <Output>
      </Output>
    </UnitTestResult>
    <UnitTestResult executionId="c4406672-8c41-46a8-a318-96a390fc6bda" testId="1d59d709-b619-1f7e-ec50-a5b4600a3218" testName="Criacao_Hora_Com_Minutos_Invalidos" computerName="MATRIX" duration="00:00:00.0004478" startTime="2009-01-14T23:11:53.9531250-02:00" endTime="2009-01-14T23:11:53.9531250-02:00" testType="13cdc9d9-ddb5-4fa4-a97d-d965ccfc6d4b" outcome="Passed" testListId="15840062-34b0-4acd-bd91-deb70e9d47b0">
      <Output>
      </Output>
    </UnitTestResult>
    <UnitTestResult executionId="7cf8dc2b-e744-4ec5-803d-30ef188f5414" testId="2c96285b-997b-6029-1f3d-8ac944f7a963" testName="Criacao_Hora_Com_Mais_De_Dois_Digitos" computerName="MATRIX" duration="00:00:00.0003075" startTime="2009-01-14T23:11:53.9531250-02:00" endTime="2009-01-14T23:11:53.9687500-02:00" testType="13cdc9d9-ddb5-4fa4-a97d-d965ccfc6d4b" outcome="Passed" testListId="15840062-34b0-4acd-bd91-deb70e9d47b0">
      <Output>
      </Output>
    </UnitTestResult>
    <UnitTestResult executionId="22da842c-2c8a-4a35-97c8-163f78d74621" testId="db8384d3-e4cd-4dfd-44bc-0ea4243bf001" testName="Criacao_Hora_Formato_Invalido" computerName="MATRIX" duration="00:00:00.0004168" startTime="2009-01-14T23:11:53.9687500-02:00" endTime="2009-01-14T23:11:53.9687500-02:00" testType="13cdc9d9-ddb5-4fa4-a97d-d965ccfc6d4b" outcome="Passed" testListId="15840062-34b0-4acd-bd91-deb70e9d47b0">
      <Output>
      </Output>
    </UnitTestResult>
    <UnitTestResult executionId="0d6fe770-3ff3-4885-a809-55492a695a6b" testId="27aa5d33-fb3f-6650-e7d7-cf288bec1dcd" testName="Criacao_Hora_Negativa" computerName="MATRIX" duration="00:00:00.0003050" startTime="2009-01-14T23:11:53.9687500-02:00" endTime="2009-01-14T23:11:53.9687500-02:00" testType="13cdc9d9-ddb5-4fa4-a97d-d965ccfc6d4b" outcome="Passed" testListId="15840062-34b0-4acd-bd91-deb70e9d47b0">
      <Output>
      </Output>
    </UnitTestResult>
    <UnitTestResult executionId="04274615-c59c-4075-96be-2d4bd93a36f9" testId="30570865-d9ac-d3ef-c31c-49fbdb9a0b40" testName="Criacao_Hora_Nao_Informando_Hora_E_Minuto" computerName="MATRIX" duration="00:00:00.0003014" startTime="2009-01-14T23:11:53.9687500-02:00" endTime="2009-01-14T23:11:53.9687500-02:00" testType="13cdc9d9-ddb5-4fa4-a97d-d965ccfc6d4b" outcome="Passed" testListId="15840062-34b0-4acd-bd91-deb70e9d47b0">
      <Output>
      </Output>
    </UnitTestResult>
    <UnitTestResult executionId="cabd01e9-6c5a-4874-9f6f-24d6b179058f" testId="fda06644-92e0-e3aa-75e1-24a912586eab" testName="Soma_Horas_Com_Mais_De_Um_Digito" computerName="MATRIX" duration="00:00:00.0012035" startTime="2009-01-14T23:11:53.9687500-02:00" endTime="2009-01-14T23:11:53.9843750-02:00" testType="13cdc9d9-ddb5-4fa4-a97d-d965ccfc6d4b" outcome="Passed" testListId="15840062-34b0-4acd-bd91-deb70e9d47b0">
      <Output>
      </Output>
    </UnitTestResult>
    <UnitTestResult executionId="de9690fe-5e47-4f25-a435-c3525c7e86d4" testId="9396bbbe-284c-4b64-5dea-4e7ac9a8e11b" testName="Validar_Hora_Accessor_Com_Mais_De_Dois_Digitos" computerName="MATRIX" duration="00:00:00.0004911" startTime="2009-01-14T23:11:53.9843750-02:00" endTime="2009-01-14T23:11:53.9843750-02:00" testType="13cdc9d9-ddb5-4fa4-a97d-d965ccfc6d4b" outcome="Passed" testListId="15840062-34b0-4acd-bd91-deb70e9d47b0">
      <Output>
      </Output>
    </UnitTestResult>
    <UnitTestResult executionId="0d934e1b-5545-4f08-846e-1ff31b2221bb" testId="f871ce0e-b3a2-d9c0-06d8-ef4f9a8effe6" testName="Criacao_Hora_Informando_Hora_E_Minuto" computerName="MATRIX" duration="00:00:00.0004349" startTime="2009-01-14T23:11:53.9843750-02:00" endTime="2009-01-14T23:11:53.9843750-02:00" testType="13cdc9d9-ddb5-4fa4-a97d-d965ccfc6d4b" outcome="Passed" testListId="15840062-34b0-4acd-bd91-deb70e9d47b0">
      <Output>
      </Output>
    </UnitTestResult>
    <UnitTestResult executionId="9619d048-8a32-4203-8a2d-97949373a335" testId="69e0a0f7-dc17-ae9e-dbd0-5d769f1efdd1" testName="Criacao_Hora_Sem_Digito_De_Horas" computerName="MATRIX" duration="00:00:00.0004201" startTime="2009-01-14T23:11:53.9843750-02:00" endTime="2009-01-14T23:11:53.9843750-02:00" testType="13cdc9d9-ddb5-4fa4-a97d-d965ccfc6d4b" outcome="Passed" testListId="15840062-34b0-4acd-bd91-deb70e9d47b0">
      <Output>
      </Output>
    </UnitTestResult>
    <UnitTestResult executionId="35a97313-9b4b-430a-83aa-bead3be3cf82" testId="17b69b6e-5323-c278-64a5-e4f671fdcdd0" testName="Soma_Horas_Com_Valor_Negativo" computerName="MATRIX" duration="00:00:00.0003251" startTime="2009-01-14T23:11:53.9843750-02:00" endTime="2009-01-14T23:11:53.9843750-02:00" testType="13cdc9d9-ddb5-4fa4-a97d-d965ccfc6d4b" outcome="Passed" testListId="15840062-34b0-4acd-bd91-deb70e9d47b0">
      <Output>
      </Output>
    </UnitTestResult>
    <UnitTestResult executionId="cff557e4-4259-4ab1-b584-99ecf5c772f2" testId="838b3837-8233-5914-e910-5c34a7784584" testName="Validar_Hora_Accessor_Com_Um_Digito" computerName="MATRIX" duration="00:00:00.0003092" startTime="2009-01-14T23:11:53.9843750-02:00" endTime="2009-01-14T23:11:54.0000000-02:00" testType="13cdc9d9-ddb5-4fa4-a97d-d965ccfc6d4b" outcome="Passed" testListId="15840062-34b0-4acd-bd91-deb70e9d47b0">
      <Output>
      </Output>
    </UnitTestResult>
    <UnitTestResult executionId="45e8c948-a269-4ac7-82e5-06137e65f763" testId="7e20360e-9201-8939-e474-d22316638795" testName="Soma_Horas_Formato_Invalido" computerName="MATRIX" duration="00:00:00.0005327" startTime="2009-01-14T23:11:54.0000000-02:00" endTime="2009-01-14T23:11:54.0000000-02:00" testType="13cdc9d9-ddb5-4fa4-a97d-d965ccfc6d4b" outcome="Passed" testListId="15840062-34b0-4acd-bd91-deb70e9d47b0">
      <Output>
      </Output>
    </UnitTestResult>
    <UnitTestResult executionId="ce482a4b-c964-42e8-aaea-100f8206496e" testId="c260142c-a0de-e0dc-5854-cfb9bd0c3188" testName="Validar_Hora_Accessor_Com_Minutos_Invalidos" computerName="MATRIX" duration="00:00:00.0035149" startTime="2009-01-14T23:11:54.0000000-02:00" endTime="2009-01-14T23:11:54.0000000-02:00" testType="13cdc9d9-ddb5-4fa4-a97d-d965ccfc6d4b" outcome="Passed" testListId="15840062-34b0-4acd-bd91-deb70e9d47b0">
      <Output>
      </Output>
    </UnitTestResult>
    <UnitTestResult executionId="70daa1cc-e3ef-4e43-99e3-8b1519c65fdf" testId="966015ea-9492-ce91-5e00-6d0130c7c4c2" testName="Validar_Hora_Accessor_Formato_Invalido" computerName="MATRIX" duration="00:00:00.0008900" startTime="2009-01-14T23:11:54.0000000-02:00" endTime="2009-01-14T23:11:54.0156250-02:00" testType="13cdc9d9-ddb5-4fa4-a97d-d965ccfc6d4b" outcome="Passed" testListId="15840062-34b0-4acd-bd91-deb70e9d47b0">
      <Output>
      </Output>
    </UnitTestResult>
    <UnitTestResult executionId="057ad66f-3efb-4ede-886d-1c1b170129b9" testId="db03e5e4-a59c-6ace-488b-3623e4810e11" testName="Validar_Hora_Accessor_Negativa" computerName="MATRIX" duration="00:00:00.0003648" startTime="2009-01-14T23:11:54.0156250-02:00" endTime="2009-01-14T23:11:54.0156250-02:00" testType="13cdc9d9-ddb5-4fa4-a97d-d965ccfc6d4b" outcome="Passed" testListId="15840062-34b0-4acd-bd91-deb70e9d47b0">
      <Output>
      </Output>
    </UnitTestResult>
    <UnitTestResult executionId="fe1bdce4-d671-404c-bb06-51264de8f4df" testId="29953b7e-4500-8369-72e9-7e1ea948d426" testName="Validar_Hora_Accessor_Sem_Digito_De_Hora_Accessors" computerName="MATRIX" duration="00:00:00.0009984" startTime="2009-01-14T23:11:54.0156250-02:00" endTime="2009-01-14T23:11:54.0156250-02:00" testType="13cdc9d9-ddb5-4fa4-a97d-d965ccfc6d4b" outcome="Passed" testListId="15840062-34b0-4acd-bd91-deb70e9d47b0">
      <Output>
      </Output>
    </UnitTestResult>
    <UnitTestResult executionId="9cf9b966-1e3f-4dd3-8b41-7d196c092801" testId="bd4f39b4-ea7f-7aa9-697c-91efd4a47f9f" testName="Soma_Horas_Com_Um_Digito" computerName="MATRIX" duration="00:00:00.0003235" startTime="2009-01-14T23:11:54.0156250-02:00" endTime="2009-01-14T23:11:54.0156250-02:00" testType="13cdc9d9-ddb5-4fa4-a97d-d965ccfc6d4b" outcome="Passed" testListId="15840062-34b0-4acd-bd91-deb70e9d47b0">
      <Output>
      </Output>
    </UnitTestResult>
    <UnitTestResult executionId="b9ed9921-e64b-4c86-8961-013c32449edf" testId="182f76e0-c9fd-770c-3077-437237507f22" testName="Soma_Horas_Com_Minutos" computerName="MATRIX" duration="00:00:00.0003651" startTime="2009-01-14T23:11:54.0156250-02:00" endTime="2009-01-14T23:11:54.0312500-02:00" testType="13cdc9d9-ddb5-4fa4-a97d-d965ccfc6d4b" outcome="Passed" testListId="15840062-34b0-4acd-bd91-deb70e9d47b0">
      <Output>
      </Output>
    </UnitTestResult>
    <UnitTestResult executionId="293b6879-f938-4b0d-a726-080ac011e446" testId="0a591512-9faf-3076-fdd8-955ee8ae9da1" testName="Soma_Horas_Com_Minutos_Acima_De_59_Minutos" computerName="MATRIX" duration="00:00:00.0003285" startTime="2009-01-14T23:11:54.0312500-02:00" endTime="2009-01-14T23:11:54.0312500-02:00" testType="13cdc9d9-ddb5-4fa4-a97d-d965ccfc6d4b" outcome="Passed" testListId="15840062-34b0-4acd-bd91-deb70e9d47b0">
      <Output>
      </Output>
    </UnitTestResult>
    <UnitTestResult executionId="f7e023ee-99f7-47b3-8eef-ce5f84418171" testId="9a01e4b1-e9e7-9517-2dd4-e16f611c53f7" testName="Soma_Horas_Com_Segundo_Valor_Negativo_E_Maior_Que_O_Primeiro" computerName="MATRIX" duration="00:00:00.0003235" startTime="2009-01-14T23:11:54.0312500-02:00" endTime="2009-01-14T23:11:54.0312500-02:00" testType="13cdc9d9-ddb5-4fa4-a97d-d965ccfc6d4b" outcome="Passed" testListId="15840062-34b0-4acd-bd91-deb70e9d47b0">
      <Output>
      </Output>
    </UnitTestResult>
  </Results>
</TestRun>