<?xml version="1.0" encoding="UTF-8"?>
<TestRun id="11cfdc39-272e-421e-88e9-25df6656ac18" name="Amorim@MATRIX 2009-01-14 23:18:44" runUser="MATRIX\Amorim" xmlns="http://microsoft.com/schemas/VisualStudio/TeamTest/2006">
  <TestRunConfiguration name="Local Test Run" id="4397c35c-ee65-48a5-a4f6-c7715260277b">
    <Description>This is a default test run configuration for a local test run.</Description>
    <Deployment userDeploymentRoot="D:\Projetos\Lab\Tdd.Encontro2\TestResults" useDefaultDeploymentRoot="false" runDeploymentRoot="D:\Projetos\Lab\Tdd.Encontro2\TestResults\Amorim_MATRIX 2009-01-14 23_18_44">
      <DeploymentItem filename="D:\Projetos\Lab\Tdd.Encontro2\Tdd.Encontro2\bin\Debug\Tdd.Encontro2.dll" />
    </Deployment>
    <TestTypeSpecific />
  </TestRunConfiguration>
  <ResultSummary outcome="Completed">
    <Counters total="1" executed="1" passed="1" error="0" failed="0" timeout="0" aborted="0" inconclusive="0" passedButRunAborted="0" notRunnable="0" notExecuted="0" disconnected="0" warning="0" completed="0" inProgress="0" pending="0" />
  </ResultSummary>
  <Times creation="2009-01-14T23:18:44.3750000-02:00" queuing="2009-01-14T23:18:45.2500000-02:00" start="2009-01-14T23:18:45.4531250-02:00" finish="2009-01-14T23:18:45.9218750-02:00" />
  <TestDefinitions>
    <UnitTest name="Soma_Horas_Com_Soma_Dos_Minutos_Acima_De_59_Minutos" storage="d:\projetos\lab\tdd.encontro2\tdd.encontro2.test\bin\debug\tdd.encontro2.test.dll" id="0bcc8271-8f29-2e66-91fc-f7981b55d3b6">
      <Css projectStructure="" iteration="" />
      <Owners>
        <Owner name="" />
      </Owners>
      <Execution id="bfdc93bc-0567-4e00-8c9a-687114511243" />
      <TestMethod codeBase="D:\Projetos\Lab\Tdd.Encontro2\Tdd.Encontro2.Test\bin\Debug\Tdd.Encontro2.Test.dll" adapterTypeName="Microsoft.VisualStudio.TestTools.TestTypes.Unit.UnitTestAdapter, Microsoft.VisualStudio.QualityTools.Tips.UnitTest.Adapter, Version=9.0.0.0, Culture=neutral, PublicKeyToken=b03f5f7f11d50a3a" className="Tdd.Encontro2.Test.HoraTest, Tdd.Encontro2.Test" name="Soma_Horas_Com_Soma_Dos_Minutos_Acima_De_59_Minutos" />
    </UnitTest>
  </TestDefinitions>
  <TestLists>
    <TestList name="Results Not in a List" id="8c84fa94-04c1-424b-9868-57a2d4851a1d" />
    <TestList name="All Loaded Results" id="19431567-8539-422a-85d7-44ee4e166bda" />
  </TestLists>
  <TestEntries>
    <TestEntry testId="0bcc8271-8f29-2e66-91fc-f7981b55d3b6" executionId="bfdc93bc-0567-4e00-8c9a-687114511243" testListId="8c84fa94-04c1-424b-9868-57a2d4851a1d" />
  </TestEntries>
  <Results>
    <UnitTestResult executionId="bfdc93bc-0567-4e00-8c9a-687114511243" testId="0bcc8271-8f29-2e66-91fc-f7981b55d3b6" testName="Soma_Horas_Com_Soma_Dos_Minutos_Acima_De_59_Minutos" computerName="MATRIX" duration="00:00:00.0321132" startTime="2009-01-14T23:18:45.5468750-02:00" endTime="2009-01-14T23:18:45.8750000-02:00" testType="13cdc9d9-ddb5-4fa4-a97d-d965ccfc6d4b" outcome="Passed" testListId="8c84fa94-04c1-424b-9868-57a2d4851a1d">
      <Output>
      </Output>
    </UnitTestResult>
  </Results>
</TestRun>